[debug] [2022-04-04T01:52:10.430Z] ----------------------------------------------------------------------
[debug] [2022-04-04T01:52:10.431Z] Command:       C:\Program Files\nodejs\node.exe C:\Users\luizl\AppData\Roaming\npm\node_modules\firebase-tools\lib\bin\firebase.js deploy
[debug] [2022-04-04T01:52:10.432Z] CLI Version:   10.5.0
[debug] [2022-04-04T01:52:10.432Z] Platform:      win32
[debug] [2022-04-04T01:52:10.432Z] Node Version:  v16.13.2
[debug] [2022-04-04T01:52:10.439Z] Time:          Sun Apr 03 2022 22:52:10 GMT-0300 (Horário Padrão de Brasília)
[debug] [2022-04-04T01:52:10.440Z] ----------------------------------------------------------------------
[debug] 
[debug] [2022-04-04T01:52:10.539Z] > command requires scopes: ["email","openid","https://www.googleapis.com/auth/cloudplatformprojects.readonly","https://www.googleapis.com/auth/firebase","https://www.googleapis.com/auth/cloud-platform"]
[debug] [2022-04-04T01:52:10.540Z] > authorizing via signed-in user (luizlopes12@outlook.com)
[debug] [2022-04-04T01:52:10.540Z] [iam] checking project bethehero24 for permissions ["firebase.projects.get","firebasedatabase.instances.update","firebasehosting.sites.update"]
[debug] [2022-04-04T01:52:10.542Z] >>> [apiv2][query] POST https://cloudresourcemanager.googleapis.com/v1/projects/bethehero24:testIamPermissions [none]
[debug] [2022-04-04T01:52:10.543Z] >>> [apiv2][body] POST https://cloudresourcemanager.googleapis.com/v1/projects/bethehero24:testIamPermissions {"permissions":["firebase.projects.get","firebasedatabase.instances.update","firebasehosting.sites.update"]}
[debug] [2022-04-04T01:52:11.418Z] <<< [apiv2][status] POST https://cloudresourcemanager.googleapis.com/v1/projects/bethehero24:testIamPermissions 200
[debug] [2022-04-04T01:52:11.418Z] <<< [apiv2][body] POST https://cloudresourcemanager.googleapis.com/v1/projects/bethehero24:testIamPermissions {"permissions":["firebase.projects.get","firebasedatabase.instances.update","firebasehosting.sites.update"]}
[debug] [2022-04-04T01:52:11.419Z] >>> [apiv2][query] GET https://firebase.googleapis.com/v1beta1/projects/bethehero24 [none]
[debug] [2022-04-04T01:52:11.898Z] <<< [apiv2][status] GET https://firebase.googleapis.com/v1beta1/projects/bethehero24 200
[debug] [2022-04-04T01:52:11.898Z] <<< [apiv2][body] GET https://firebase.googleapis.com/v1beta1/projects/bethehero24 {"projectId":"bethehero24","projectNumber":"305524352383","displayName":"BeTheHero24","name":"projects/bethehero24","resources":{"hostingSite":"bethehero24","realtimeDatabaseInstance":"bethehero24-default-rtdb"},"state":"ACTIVE"}
[debug] [2022-04-04T01:52:11.898Z] >>> [apiv2][query] GET https://firebase.googleapis.com/v1beta1/projects/bethehero24 [none]
[debug] [2022-04-04T01:52:12.289Z] <<< [apiv2][status] GET https://firebase.googleapis.com/v1beta1/projects/bethehero24 200
[debug] [2022-04-04T01:52:12.289Z] <<< [apiv2][body] GET https://firebase.googleapis.com/v1beta1/projects/bethehero24 {"projectId":"bethehero24","projectNumber":"305524352383","displayName":"BeTheHero24","name":"projects/bethehero24","resources":{"hostingSite":"bethehero24","realtimeDatabaseInstance":"bethehero24-default-rtdb"},"state":"ACTIVE"}
[info] 
[info] === Deploying to 'bethehero24'...
[info] 
[info] i  deploying database, hosting 
[info] i  database: checking rules syntax... 
[debug] [2022-04-04T01:52:12.299Z] > refreshing access token with scopes: ["email","https://www.googleapis.com/auth/cloud-platform","https://www.googleapis.com/auth/cloudplatformprojects.readonly","https://www.googleapis.com/auth/firebase","openid"]
[debug] [2022-04-04T01:52:12.300Z] >>> HTTP REQUEST POST https://www.googleapis.com/oauth2/v3/token  
 <request body omitted>
[debug] [2022-04-04T01:52:12.473Z] <<< HTTP RESPONSE 200 {"expires":"Mon, 01 Jan 1990 00:00:00 GMT","cache-control":"no-cache, no-store, max-age=0, must-revalidate","date":"Mon, 04 Apr 2022 01:52:12 GMT","pragma":"no-cache","content-type":"application/json; charset=utf-8","vary":"X-Origin, Referer, Origin,Accept-Encoding","server":"scaffolding on HTTPServer2","x-xss-protection":"0","x-frame-options":"SAMEORIGIN","x-content-type-options":"nosniff","alt-svc":"h3=\":443\"; ma=2592000,h3-29=\":443\"; ma=2592000,h3-Q050=\":443\"; ma=2592000,h3-Q046=\":443\"; ma=2592000,h3-Q043=\":443\"; ma=2592000,quic=\":443\"; ma=2592000; v=\"46,43\"","accept-ranges":"none","transfer-encoding":"chunked"}
[debug] [2022-04-04T01:52:12.481Z] >>> HTTP REQUEST GET https://firebasedatabase.googleapis.com/v1beta/projects/bethehero24/locations/-/instances/bethehero24-default-rtdb  
 
[debug] [2022-04-04T01:52:13.690Z] <<< HTTP RESPONSE 200 {"content-type":"application/json; charset=UTF-8","vary":"X-Origin, Referer, Origin,Accept-Encoding","date":"Mon, 04 Apr 2022 01:52:13 GMT","server":"ESF","cache-control":"private","x-xss-protection":"0","x-frame-options":"SAMEORIGIN","x-content-type-options":"nosniff","alt-svc":"h3=\":443\"; ma=2592000,h3-29=\":443\"; ma=2592000,h3-Q050=\":443\"; ma=2592000,h3-Q046=\":443\"; ma=2592000,h3-Q043=\":443\"; ma=2592000,quic=\":443\"; ma=2592000; v=\"46,43\"","accept-ranges":"none","transfer-encoding":"chunked"}
[debug] [2022-04-04T01:52:13.693Z] >>> HTTP REQUEST PUT https://bethehero24-default-rtdb.firebaseio.com/.settings/rules.json?dryRun=true  
 {
  "rules": {
    ".read": true,
    ".write": true,
    "cases": {
      ".read": true,
      ".write": "auth !== null"
    }
  }
}

[debug] [2022-04-04T01:52:14.336Z] <<< HTTP RESPONSE 200 {"server":"nginx","date":"Mon, 04 Apr 2022 01:52:14 GMT","content-type":"application/json; charset=utf-8","content-length":"15","connection":"keep-alive","access-control-allow-origin":"*","cache-control":"no-cache","strict-transport-security":"max-age=31556926; includeSubDomains; preload"}
[info] +  database: rules syntax for database bethehero24-default-rtdb is valid 
[debug] [2022-04-04T01:52:14.338Z] > refreshing access token with scopes: []
[debug] [2022-04-04T01:52:14.338Z] >>> HTTP REQUEST POST https://www.googleapis.com/oauth2/v3/token  
 <request body omitted>
[debug] [2022-04-04T01:52:14.563Z] <<< HTTP RESPONSE 200 {"pragma":"no-cache","cache-control":"no-cache, no-store, max-age=0, must-revalidate","date":"Mon, 04 Apr 2022 01:52:14 GMT","expires":"Mon, 01 Jan 1990 00:00:00 GMT","content-type":"application/json; charset=utf-8","vary":"X-Origin, Referer, Origin,Accept-Encoding","server":"scaffolding on HTTPServer2","x-xss-protection":"0","x-frame-options":"SAMEORIGIN","x-content-type-options":"nosniff","alt-svc":"h3=\":443\"; ma=2592000,h3-29=\":443\"; ma=2592000,h3-Q050=\":443\"; ma=2592000,h3-Q046=\":443\"; ma=2592000,h3-Q043=\":443\"; ma=2592000,quic=\":443\"; ma=2592000; v=\"46,43\"","accept-ranges":"none","transfer-encoding":"chunked"}
[debug] [2022-04-04T01:52:14.571Z] >>> [apiv2][query] GET https://firebase.googleapis.com/v1beta1/projects/bethehero24 [none]
[debug] [2022-04-04T01:52:14.962Z] <<< [apiv2][status] GET https://firebase.googleapis.com/v1beta1/projects/bethehero24 200
[debug] [2022-04-04T01:52:14.963Z] <<< [apiv2][body] GET https://firebase.googleapis.com/v1beta1/projects/bethehero24 {"projectId":"bethehero24","projectNumber":"305524352383","displayName":"BeTheHero24","name":"projects/bethehero24","resources":{"hostingSite":"bethehero24","realtimeDatabaseInstance":"bethehero24-default-rtdb"},"state":"ACTIVE"}
[debug] [2022-04-04T01:52:14.970Z] >>> [apiv2][query] POST https://firebasehosting.googleapis.com/v1beta1/projects/305524352383/sites/bethehero24/versions [none]
[debug] [2022-04-04T01:52:14.971Z] >>> [apiv2][body] POST https://firebasehosting.googleapis.com/v1beta1/projects/305524352383/sites/bethehero24/versions {"config":{"rewrites":[{"glob":"**","path":"/index.html"}]},"labels":{"deployment-tool":"cli-firebase"}}
[debug] [2022-04-04T01:52:16.317Z] <<< [apiv2][status] POST https://firebasehosting.googleapis.com/v1beta1/projects/305524352383/sites/bethehero24/versions 200
[debug] [2022-04-04T01:52:16.317Z] <<< [apiv2][body] POST https://firebasehosting.googleapis.com/v1beta1/projects/305524352383/sites/bethehero24/versions {"name":"projects/305524352383/sites/bethehero24/versions/90e2c74f2c416598","status":"CREATED","config":{"rewrites":[{"glob":"**","path":"/index.html"}]},"labels":{"deployment-tool":"cli-firebase"}}
[info] i  hosting[bethehero24]: beginning deploy... 
[info] i  hosting[bethehero24]: found 15 files in build 
[debug] [2022-04-04T01:52:16.350Z] [hosting] uploading with 200 concurrency
[debug] [2022-04-04T01:52:17.029Z] [hosting] hash cache [YnVpbGQ] stored for 15 files
[debug] [2022-04-04T01:52:17.030Z] [hosting][hash queue][FINAL] {"max":663,"min":13,"avg":82.86666666666666,"active":0,"complete":15,"success":15,"errored":0,"retried":0,"total":15,"elapsed":673}
[debug] [2022-04-04T01:52:17.031Z] >>> [apiv2][query] POST https://firebasehosting.googleapis.com/v1beta1/projects/305524352383/sites/bethehero24/versions/90e2c74f2c416598:populateFiles [none]
[debug] [2022-04-04T01:52:17.031Z] >>> [apiv2][body] POST https://firebasehosting.googleapis.com/v1beta1/projects/305524352383/sites/bethehero24/versions/90e2c74f2c416598:populateFiles {"files":{"/icon.svg":"f3e3ad118ed04226a7f3e11834a8de4527104cf2ed8d3a028eee667952839d9e","/robots.txt":"bfe106a3fb878dc83461c86818bf74fc1bdc7f28538ba613cd3e775516ce8b49","/asset-manifest.json":"4f38c4f28d74b8c69bb3497ce9d8a71d4b14e4c318d3e944af1d24a7e1d3f825","/index.html":"ace70afa1cfaee1d7f32a5ce693c4d4fed95442a0e10c72d7cce5d03f209f092","/static/js/main.7d1d73c3.js.LICENSE.txt":"50fe33b31f10951c8176546ba96aad27ff64bd903e8367d8894278c3a102375a","/static/media/apagar.da0f91862b42c5b7ab500313bb4c90f7.svg":"f6975d477eec6d7ed12b634a4b40533791af9a017d16d3b9de3402bbe0200593","/static/media/entrar-arrow.6dfe03cf81c4bcdc1da8767c2a70e572.svg":"ec2c75a9a8398b0ef26b0ca52d0b672825d637b1ae8c5a7a5f0727b1ab8f959f","/static/media/entrar.1844f173e02404498aba1ca1426ac39a.svg":"d07c08ddf2da6371ca57947688d3949493fcdc04bd5aed08f82df04e6ae9f01c","/static/media/loadingRed.ad50a24b3fef60ba636e9cc1a2fda67a.svg":"746abc14c9fd42b97a1c59adb3fd41d0ce410dc89945db0fa4e2318e36bf8144","/static/media/Logo.4f9577412618f8a7fe0e5dc0d4f06436.svg":"2eacda9e7221f5eadb7f032333729d62f6c8ec2b1801b4919ea06e619f68a9ac","/static/media/logout.f839e80d6cfaa2089e39e4635cd85420.svg":"b135118aac8c213337d17c4dc8f3f2f5f7ca6edc41f1b586cbccf130f35650b4","/static/media/voltar-arrow.4476e2660ec40e1725d0a3508ed23c4e.svg":"5686f22c4ff19d171abab44d289ece2d3b45709cbcb80d45796aa52bf91c5cb1","/static/media/People.1d4ffff4fe9e00bc8bf90e39756c75d2.svg":"e273e240f733789785ec8d94cd66f55d46428128c1b395e722cf6f950543adc2","/static/js/main.7d1d73c3.js":"5888d7300198fde85d9cd4da4d4e0bb61f78df93cb813c2de87977569114395e","/static/js/main.7d1d73c3.js.map":"f50f1d0eee9c778f44add70a9f342835b1fc42421a1f0920bc8ab1f0fa8a38fd"}}
[debug] [2022-04-04T01:52:18.205Z] <<< [apiv2][status] POST https://firebasehosting.googleapis.com/v1beta1/projects/305524352383/sites/bethehero24/versions/90e2c74f2c416598:populateFiles 200
[debug] [2022-04-04T01:52:18.205Z] <<< [apiv2][body] POST https://firebasehosting.googleapis.com/v1beta1/projects/305524352383/sites/bethehero24/versions/90e2c74f2c416598:populateFiles {"uploadRequiredHashes":["5888d7300198fde85d9cd4da4d4e0bb61f78df93cb813c2de87977569114395e","f50f1d0eee9c778f44add70a9f342835b1fc42421a1f0920bc8ab1f0fa8a38fd","ace70afa1cfaee1d7f32a5ce693c4d4fed95442a0e10c72d7cce5d03f209f092","4f38c4f28d74b8c69bb3497ce9d8a71d4b14e4c318d3e944af1d24a7e1d3f825"],"uploadUrl":"https://upload-firebasehosting.googleapis.com/upload/sites/bethehero24/versions/90e2c74f2c416598/files"}
[debug] [2022-04-04T01:52:18.208Z] >>> [apiv2][query] POST https://upload-firebasehosting.googleapis.com/upload/sites/bethehero24/versions/90e2c74f2c416598/files/5888d7300198fde85d9cd4da4d4e0bb61f78df93cb813c2de87977569114395e [none]
[debug] [2022-04-04T01:52:18.208Z] >>> [apiv2][body] POST https://upload-firebasehosting.googleapis.com/upload/sites/bethehero24/versions/90e2c74f2c416598/files/5888d7300198fde85d9cd4da4d4e0bb61f78df93cb813c2de87977569114395e [stream]
[debug] [2022-04-04T01:52:18.211Z] >>> [apiv2][query] POST https://upload-firebasehosting.googleapis.com/upload/sites/bethehero24/versions/90e2c74f2c416598/files/f50f1d0eee9c778f44add70a9f342835b1fc42421a1f0920bc8ab1f0fa8a38fd [none]
[debug] [2022-04-04T01:52:18.211Z] >>> [apiv2][body] POST https://upload-firebasehosting.googleapis.com/upload/sites/bethehero24/versions/90e2c74f2c416598/files/f50f1d0eee9c778f44add70a9f342835b1fc42421a1f0920bc8ab1f0fa8a38fd [stream]
[debug] [2022-04-04T01:52:18.212Z] >>> [apiv2][query] POST https://upload-firebasehosting.googleapis.com/upload/sites/bethehero24/versions/90e2c74f2c416598/files/ace70afa1cfaee1d7f32a5ce693c4d4fed95442a0e10c72d7cce5d03f209f092 [none]
[debug] [2022-04-04T01:52:18.213Z] >>> [apiv2][body] POST https://upload-firebasehosting.googleapis.com/upload/sites/bethehero24/versions/90e2c74f2c416598/files/ace70afa1cfaee1d7f32a5ce693c4d4fed95442a0e10c72d7cce5d03f209f092 [stream]
[debug] [2022-04-04T01:52:18.215Z] >>> [apiv2][query] POST https://upload-firebasehosting.googleapis.com/upload/sites/bethehero24/versions/90e2c74f2c416598/files/4f38c4f28d74b8c69bb3497ce9d8a71d4b14e4c318d3e944af1d24a7e1d3f825 [none]
[debug] [2022-04-04T01:52:18.215Z] >>> [apiv2][body] POST https://upload-firebasehosting.googleapis.com/upload/sites/bethehero24/versions/90e2c74f2c416598/files/4f38c4f28d74b8c69bb3497ce9d8a71d4b14e4c318d3e944af1d24a7e1d3f825 [stream]
[debug] [2022-04-04T01:52:18.217Z] [hosting][populate queue][FINAL] {"max":1180,"min":1180,"avg":1180,"active":0,"complete":1,"success":1,"errored":0,"retried":0,"total":1,"elapsed":1189}
[debug] [2022-04-04T01:52:18.218Z] [hosting] uploads queued: 4
